<?xml version="1.0" encoding="windows-1252" standalone="no"?>
<!DOCTYPE log SYSTEM "logger.dtd">
<log>
<record>
  <date>2017-11-23T10:37:40</date>
  <millis>1511458660353</millis>
  <sequence>0</sequence>
  <logger>org.uma.jmetal.util.JMetalLogger</logger>
  <level>INFO</level>
  <class>org.uma.jmetal.util.JMetalLogger</class>
  <method>configureLoggers</method>
  <thread>14</thread>
  <message>Loggers configured with null</message>
</record>
<record>
  <date>2017-11-23T10:37:40</date>
  <millis>1511458660369</millis>
  <sequence>1</sequence>
  <logger>org.uma.jmetal.util.JMetalLogger</logger>
  <level>INFO</level>
  <class>org.uma.jmetal.util.experiment.component.ExecuteAlgorithms</class>
  <method>run</method>
  <thread>14</thread>
  <message>ExecuteAlgorithms: Preparing output directory</message>
</record>
<record>
  <date>2017-11-23T10:37:40</date>
  <millis>1511458660385</millis>
  <sequence>2</sequence>
  <logger>org.uma.jmetal.util.JMetalLogger</logger>
  <level>INFO</level>
  <class>org.uma.jmetal.util.experiment.util.ExperimentAlgorithm</class>
  <method>runAlgorithm</method>
  <thread>14</thread>
  <message>Creating C:/Users/Didar/Desktop/N4//NSGAIIStudy2/data/NSGAIIa/Planning</message>
</record>
<record>
  <date>2017-11-23T10:37:40</date>
  <millis>1511458660385</millis>
  <sequence>3</sequence>
  <logger>org.uma.jmetal.util.JMetalLogger</logger>
  <level>INFO</level>
  <class>org.uma.jmetal.util.experiment.util.ExperimentAlgorithm</class>
  <method>runAlgorithm</method>
  <thread>14</thread>
  <message> Running algorithm: NSGAIIa, problem: Planning, run: 0, funFile: C:/Users/Didar/Desktop/N4//NSGAIIStudy2/data/NSGAIIa/Planning/FUN0.tsv</message>
</record>
<record>
  <date>2017-11-23T10:37:42</date>
  <millis>1511458662433</millis>
  <sequence>4</sequence>
  <logger>org.uma.jmetal.util.JMetalLogger</logger>
  <level>INFO</level>
  <class>optimizer.GenerateReferenceParetoSetAndFrontFromDoubleSolutions_Didar</class>
  <method>createOutputDirectory</method>
  <thread>14</thread>
  <message>Creating C:/Users/Didar/Desktop/N4//referenceFronts. Status = true</message>
</record>
<record>
  <date>2017-11-23T10:37:42</date>
  <millis>1511458662495</millis>
  <sequence>5</sequence>
  <logger>org.uma.jmetal.util.JMetalLogger</logger>
  <level>INFO</level>
  <class>org.uma.jmetal.util.experiment.component.ExecuteAlgorithms</class>
  <method>run</method>
  <thread>14</thread>
  <message>ExecuteAlgorithms: Preparing output directory</message>
</record>
<record>
  <date>2017-11-23T10:37:42</date>
  <millis>1511458662495</millis>
  <sequence>6</sequence>
  <logger>org.uma.jmetal.util.JMetalLogger</logger>
  <level>INFO</level>
  <class>org.uma.jmetal.util.experiment.util.ExperimentAlgorithm</class>
  <method>runAlgorithm</method>
  <thread>14</thread>
  <message> Running algorithm: NSGAIIa, problem: Planning, run: 0, funFile: C:/Users/Didar/Desktop/N4//NSGAIIStudy2/data/NSGAIIa/Planning/FUN0.tsv</message>
</record>
<record>
  <date>2017-11-23T10:37:44</date>
  <millis>1511458664371</millis>
  <sequence>7</sequence>
  <logger>org.uma.jmetal.util.JMetalLogger</logger>
  <level>INFO</level>
  <class>org.uma.jmetal.util.experiment.component.ExecuteAlgorithms</class>
  <method>run</method>
  <thread>14</thread>
  <message>ExecuteAlgorithms: Preparing output directory</message>
</record>
<record>
  <date>2017-11-23T10:37:44</date>
  <millis>1511458664371</millis>
  <sequence>8</sequence>
  <logger>org.uma.jmetal.util.JMetalLogger</logger>
  <level>INFO</level>
  <class>org.uma.jmetal.util.experiment.util.ExperimentAlgorithm</class>
  <method>runAlgorithm</method>
  <thread>14</thread>
  <message> Running algorithm: NSGAIIa, problem: Planning, run: 0, funFile: C:/Users/Didar/Desktop/N4//NSGAIIStudy2/data/NSGAIIa/Planning/FUN0.tsv</message>
</record>
<record>
  <date>2017-11-23T10:37:45</date>
  <millis>1511458665433</millis>
  <sequence>9</sequence>
  <logger>org.uma.jmetal.util.JMetalLogger</logger>
  <level>INFO</level>
  <class>org.uma.jmetal.util.experiment.component.ExecuteAlgorithms</class>
  <method>run</method>
  <thread>14</thread>
  <message>ExecuteAlgorithms: Preparing output directory</message>
</record>
<record>
  <date>2017-11-23T10:37:45</date>
  <millis>1511458665433</millis>
  <sequence>10</sequence>
  <logger>org.uma.jmetal.util.JMetalLogger</logger>
  <level>INFO</level>
  <class>org.uma.jmetal.util.experiment.util.ExperimentAlgorithm</class>
  <method>runAlgorithm</method>
  <thread>14</thread>
  <message> Running algorithm: NSGAIIa, problem: Planning, run: 0, funFile: C:/Users/Didar/Desktop/N4//NSGAIIStudy2/data/NSGAIIa/Planning/FUN0.tsv</message>
</record>
<record>
  <date>2017-11-23T10:37:46</date>
  <millis>1511458666527</millis>
  <sequence>11</sequence>
  <logger>org.uma.jmetal.util.JMetalLogger</logger>
  <level>INFO</level>
  <class>org.uma.jmetal.util.experiment.component.ExecuteAlgorithms</class>
  <method>run</method>
  <thread>14</thread>
  <message>ExecuteAlgorithms: Preparing output directory</message>
</record>
<record>
  <date>2017-11-23T10:37:46</date>
  <millis>1511458666527</millis>
  <sequence>12</sequence>
  <logger>org.uma.jmetal.util.JMetalLogger</logger>
  <level>INFO</level>
  <class>org.uma.jmetal.util.experiment.util.ExperimentAlgorithm</class>
  <method>runAlgorithm</method>
  <thread>14</thread>
  <message> Running algorithm: NSGAIIa, problem: Planning, run: 0, funFile: C:/Users/Didar/Desktop/N4//NSGAIIStudy2/data/NSGAIIa/Planning/FUN0.tsv</message>
</record>
<record>
  <date>2017-11-23T10:37:47</date>
  <millis>1511458667636</millis>
  <sequence>13</sequence>
  <logger>org.uma.jmetal.util.JMetalLogger</logger>
  <level>INFO</level>
  <class>org.uma.jmetal.util.experiment.component.ExecuteAlgorithms</class>
  <method>run</method>
  <thread>14</thread>
  <message>ExecuteAlgorithms: Preparing output directory</message>
</record>
<record>
  <date>2017-11-23T10:37:47</date>
  <millis>1511458667636</millis>
  <sequence>14</sequence>
  <logger>org.uma.jmetal.util.JMetalLogger</logger>
  <level>INFO</level>
  <class>org.uma.jmetal.util.experiment.util.ExperimentAlgorithm</class>
  <method>runAlgorithm</method>
  <thread>14</thread>
  <message> Running algorithm: NSGAIIa, problem: Planning, run: 0, funFile: C:/Users/Didar/Desktop/N4//NSGAIIStudy2/data/NSGAIIa/Planning/FUN0.tsv</message>
</record>
<record>
  <date>2017-11-23T10:37:48</date>
  <millis>1511458668683</millis>
  <sequence>15</sequence>
  <logger>org.uma.jmetal.util.JMetalLogger</logger>
  <level>INFO</level>
  <class>org.uma.jmetal.util.experiment.component.ExecuteAlgorithms</class>
  <method>run</method>
  <thread>14</thread>
  <message>ExecuteAlgorithms: Preparing output directory</message>
</record>
<record>
  <date>2017-11-23T10:37:48</date>
  <millis>1511458668683</millis>
  <sequence>16</sequence>
  <logger>org.uma.jmetal.util.JMetalLogger</logger>
  <level>INFO</level>
  <class>org.uma.jmetal.util.experiment.util.ExperimentAlgorithm</class>
  <method>runAlgorithm</method>
  <thread>14</thread>
  <message> Running algorithm: NSGAIIa, problem: Planning, run: 0, funFile: C:/Users/Didar/Desktop/N4//NSGAIIStudy2/data/NSGAIIa/Planning/FUN0.tsv</message>
</record>
<record>
  <date>2017-11-23T10:37:49</date>
  <millis>1511458669886</millis>
  <sequence>17</sequence>
  <logger>org.uma.jmetal.util.JMetalLogger</logger>
  <level>INFO</level>
  <class>org.uma.jmetal.util.experiment.component.ExecuteAlgorithms</class>
  <method>run</method>
  <thread>14</thread>
  <message>ExecuteAlgorithms: Preparing output directory</message>
</record>
<record>
  <date>2017-11-23T10:37:49</date>
  <millis>1511458669887</millis>
  <sequence>18</sequence>
  <logger>org.uma.jmetal.util.JMetalLogger</logger>
  <level>INFO</level>
  <class>org.uma.jmetal.util.experiment.util.ExperimentAlgorithm</class>
  <method>runAlgorithm</method>
  <thread>14</thread>
  <message> Running algorithm: NSGAIIa, problem: Planning, run: 0, funFile: C:/Users/Didar/Desktop/N4//NSGAIIStudy2/data/NSGAIIa/Planning/FUN0.tsv</message>
</record>
<record>
  <date>2017-11-23T10:37:50</date>
  <millis>1511458670814</millis>
  <sequence>19</sequence>
  <logger>org.uma.jmetal.util.JMetalLogger</logger>
  <level>INFO</level>
  <class>org.uma.jmetal.util.experiment.component.ExecuteAlgorithms</class>
  <method>run</method>
  <thread>14</thread>
  <message>ExecuteAlgorithms: Preparing output directory</message>
</record>
<record>
  <date>2017-11-23T10:37:50</date>
  <millis>1511458670815</millis>
  <sequence>20</sequence>
  <logger>org.uma.jmetal.util.JMetalLogger</logger>
  <level>INFO</level>
  <class>org.uma.jmetal.util.experiment.util.ExperimentAlgorithm</class>
  <method>runAlgorithm</method>
  <thread>14</thread>
  <message> Running algorithm: NSGAIIa, problem: Planning, run: 0, funFile: C:/Users/Didar/Desktop/N4//NSGAIIStudy2/data/NSGAIIa/Planning/FUN0.tsv</message>
</record>
<record>
  <date>2017-11-23T10:37:52</date>
  <millis>1511458672056</millis>
  <sequence>21</sequence>
  <logger>org.uma.jmetal.util.JMetalLogger</logger>
  <level>INFO</level>
  <class>org.uma.jmetal.util.experiment.component.ExecuteAlgorithms</class>
  <method>run</method>
  <thread>14</thread>
  <message>ExecuteAlgorithms: Preparing output directory</message>
</record>
<record>
  <date>2017-11-23T10:37:52</date>
  <millis>1511458672056</millis>
  <sequence>22</sequence>
  <logger>org.uma.jmetal.util.JMetalLogger</logger>
  <level>INFO</level>
  <class>org.uma.jmetal.util.experiment.util.ExperimentAlgorithm</class>
  <method>runAlgorithm</method>
  <thread>14</thread>
  <message> Running algorithm: NSGAIIa, problem: Planning, run: 0, funFile: C:/Users/Didar/Desktop/N4//NSGAIIStudy2/data/NSGAIIa/Planning/FUN0.tsv</message>
</record>
<record>
  <date>2017-11-23T10:37:53</date>
  <millis>1511458673151</millis>
  <sequence>23</sequence>
  <logger>org.uma.jmetal.util.JMetalLogger</logger>
  <level>INFO</level>
  <class>org.uma.jmetal.util.experiment.component.ExecuteAlgorithms</class>
  <method>run</method>
  <thread>14</thread>
  <message>ExecuteAlgorithms: Preparing output directory</message>
</record>
<record>
  <date>2017-11-23T10:37:53</date>
  <millis>1511458673152</millis>
  <sequence>24</sequence>
  <logger>org.uma.jmetal.util.JMetalLogger</logger>
  <level>INFO</level>
  <class>org.uma.jmetal.util.experiment.util.ExperimentAlgorithm</class>
  <method>runAlgorithm</method>
  <thread>14</thread>
  <message> Running algorithm: NSGAIIa, problem: Planning, run: 0, funFile: C:/Users/Didar/Desktop/N4//NSGAIIStudy2/data/NSGAIIa/Planning/FUN0.tsv</message>
</record>
<record>
  <date>2017-11-23T10:37:54</date>
  <millis>1511458674409</millis>
  <sequence>25</sequence>
  <logger>org.uma.jmetal.util.JMetalLogger</logger>
  <level>INFO</level>
  <class>org.uma.jmetal.util.experiment.component.ExecuteAlgorithms</class>
  <method>run</method>
  <thread>14</thread>
  <message>ExecuteAlgorithms: Preparing output directory</message>
</record>
<record>
  <date>2017-11-23T10:37:54</date>
  <millis>1511458674409</millis>
  <sequence>26</sequence>
  <logger>org.uma.jmetal.util.JMetalLogger</logger>
  <level>INFO</level>
  <class>org.uma.jmetal.util.experiment.util.ExperimentAlgorithm</class>
  <method>runAlgorithm</method>
  <thread>14</thread>
  <message> Running algorithm: NSGAIIa, problem: Planning, run: 0, funFile: C:/Users/Didar/Desktop/N4//NSGAIIStudy2/data/NSGAIIa/Planning/FUN0.tsv</message>
</record>
<record>
  <date>2017-11-23T10:37:55</date>
  <millis>1511458675410</millis>
  <sequence>27</sequence>
  <logger>org.uma.jmetal.util.JMetalLogger</logger>
  <level>INFO</level>
  <class>org.uma.jmetal.util.experiment.component.ExecuteAlgorithms</class>
  <method>run</method>
  <thread>14</thread>
  <message>ExecuteAlgorithms: Preparing output directory</message>
</record>
<record>
  <date>2017-11-23T10:37:55</date>
  <millis>1511458675410</millis>
  <sequence>28</sequence>
  <logger>org.uma.jmetal.util.JMetalLogger</logger>
  <level>INFO</level>
  <class>org.uma.jmetal.util.experiment.util.ExperimentAlgorithm</class>
  <method>runAlgorithm</method>
  <thread>14</thread>
  <message> Running algorithm: NSGAIIa, problem: Planning, run: 0, funFile: C:/Users/Didar/Desktop/N4//NSGAIIStudy2/data/NSGAIIa/Planning/FUN0.tsv</message>
</record>
<record>
  <date>2017-11-23T10:37:56</date>
  <millis>1511458676613</millis>
  <sequence>29</sequence>
  <logger>org.uma.jmetal.util.JMetalLogger</logger>
  <level>INFO</level>
  <class>org.uma.jmetal.util.experiment.component.ExecuteAlgorithms</class>
  <method>run</method>
  <thread>14</thread>
  <message>ExecuteAlgorithms: Preparing output directory</message>
</record>
<record>
  <date>2017-11-23T10:37:56</date>
  <millis>1511458676613</millis>
  <sequence>30</sequence>
  <logger>org.uma.jmetal.util.JMetalLogger</logger>
  <level>INFO</level>
  <class>org.uma.jmetal.util.experiment.util.ExperimentAlgorithm</class>
  <method>runAlgorithm</method>
  <thread>14</thread>
  <message> Running algorithm: NSGAIIa, problem: Planning, run: 0, funFile: C:/Users/Didar/Desktop/N4//NSGAIIStudy2/data/NSGAIIa/Planning/FUN0.tsv</message>
</record>
<record>
  <date>2017-11-23T10:37:57</date>
  <millis>1511458677644</millis>
  <sequence>31</sequence>
  <logger>org.uma.jmetal.util.JMetalLogger</logger>
  <level>INFO</level>
  <class>org.uma.jmetal.util.experiment.component.ExecuteAlgorithms</class>
  <method>run</method>
  <thread>14</thread>
  <message>ExecuteAlgorithms: Preparing output directory</message>
</record>
<record>
  <date>2017-11-23T10:37:57</date>
  <millis>1511458677660</millis>
  <sequence>32</sequence>
  <logger>org.uma.jmetal.util.JMetalLogger</logger>
  <level>INFO</level>
  <class>org.uma.jmetal.util.experiment.util.ExperimentAlgorithm</class>
  <method>runAlgorithm</method>
  <thread>14</thread>
  <message> Running algorithm: NSGAIIa, problem: Planning, run: 0, funFile: C:/Users/Didar/Desktop/N4//NSGAIIStudy2/data/NSGAIIa/Planning/FUN0.tsv</message>
</record>
<record>
  <date>2017-11-23T10:37:58</date>
  <millis>1511458678816</millis>
  <sequence>33</sequence>
  <logger>org.uma.jmetal.util.JMetalLogger</logger>
  <level>INFO</level>
  <class>org.uma.jmetal.util.experiment.component.ExecuteAlgorithms</class>
  <method>run</method>
  <thread>14</thread>
  <message>ExecuteAlgorithms: Preparing output directory</message>
</record>
<record>
  <date>2017-11-23T10:37:58</date>
  <millis>1511458678816</millis>
  <sequence>34</sequence>
  <logger>org.uma.jmetal.util.JMetalLogger</logger>
  <level>INFO</level>
  <class>org.uma.jmetal.util.experiment.util.ExperimentAlgorithm</class>
  <method>runAlgorithm</method>
  <thread>14</thread>
  <message> Running algorithm: NSGAIIa, problem: Planning, run: 0, funFile: C:/Users/Didar/Desktop/N4//NSGAIIStudy2/data/NSGAIIa/Planning/FUN0.tsv</message>
</record>
<record>
  <date>2017-11-23T10:37:59</date>
  <millis>1511458679988</millis>
  <sequence>35</sequence>
  <logger>org.uma.jmetal.util.JMetalLogger</logger>
  <level>INFO</level>
  <class>org.uma.jmetal.util.experiment.component.ExecuteAlgorithms</class>
  <method>run</method>
  <thread>14</thread>
  <message>ExecuteAlgorithms: Preparing output directory</message>
</record>
<record>
  <date>2017-11-23T10:37:59</date>
  <millis>1511458679988</millis>
  <sequence>36</sequence>
  <logger>org.uma.jmetal.util.JMetalLogger</logger>
  <level>INFO</level>
  <class>org.uma.jmetal.util.experiment.util.ExperimentAlgorithm</class>
  <method>runAlgorithm</method>
  <thread>14</thread>
  <message> Running algorithm: NSGAIIa, problem: Planning, run: 0, funFile: C:/Users/Didar/Desktop/N4//NSGAIIStudy2/data/NSGAIIa/Planning/FUN0.tsv</message>
</record>
<record>
  <date>2017-11-23T10:38:01</date>
  <millis>1511458681113</millis>
  <sequence>37</sequence>
  <logger>org.uma.jmetal.util.JMetalLogger</logger>
  <level>INFO</level>
  <class>org.uma.jmetal.util.experiment.component.ExecuteAlgorithms</class>
  <method>run</method>
  <thread>14</thread>
  <message>ExecuteAlgorithms: Preparing output directory</message>
</record>
<record>
  <date>2017-11-23T10:38:01</date>
  <millis>1511458681113</millis>
  <sequence>38</sequence>
  <logger>org.uma.jmetal.util.JMetalLogger</logger>
  <level>INFO</level>
  <class>org.uma.jmetal.util.experiment.util.ExperimentAlgorithm</class>
  <method>runAlgorithm</method>
  <thread>14</thread>
  <message> Running algorithm: NSGAIIa, problem: Planning, run: 0, funFile: C:/Users/Didar/Desktop/N4//NSGAIIStudy2/data/NSGAIIa/Planning/FUN0.tsv</message>
</record>
<record>
  <date>2017-11-23T10:38:02</date>
  <millis>1511458682082</millis>
  <sequence>39</sequence>
  <logger>org.uma.jmetal.util.JMetalLogger</logger>
  <level>INFO</level>
  <class>org.uma.jmetal.util.experiment.component.ExecuteAlgorithms</class>
  <method>run</method>
  <thread>14</thread>
  <message>ExecuteAlgorithms: Preparing output directory</message>
</record>
<record>
  <date>2017-11-23T10:38:02</date>
  <millis>1511458682082</millis>
  <sequence>40</sequence>
  <logger>org.uma.jmetal.util.JMetalLogger</logger>
  <level>INFO</level>
  <class>org.uma.jmetal.util.experiment.util.ExperimentAlgorithm</class>
  <method>runAlgorithm</method>
  <thread>14</thread>
  <message> Running algorithm: NSGAIIa, problem: Planning, run: 0, funFile: C:/Users/Didar/Desktop/N4//NSGAIIStudy2/data/NSGAIIa/Planning/FUN0.tsv</message>
</record>
<record>
  <date>2017-11-23T10:38:03</date>
  <millis>1511458683301</millis>
  <sequence>41</sequence>
  <logger>org.uma.jmetal.util.JMetalLogger</logger>
  <level>INFO</level>
  <class>org.uma.jmetal.util.experiment.component.ExecuteAlgorithms</class>
  <method>run</method>
  <thread>14</thread>
  <message>ExecuteAlgorithms: Preparing output directory</message>
</record>
<record>
  <date>2017-11-23T10:38:03</date>
  <millis>1511458683301</millis>
  <sequence>42</sequence>
  <logger>org.uma.jmetal.util.JMetalLogger</logger>
  <level>INFO</level>
  <class>org.uma.jmetal.util.experiment.util.ExperimentAlgorithm</class>
  <method>runAlgorithm</method>
  <thread>14</thread>
  <message> Running algorithm: NSGAIIa, problem: Planning, run: 0, funFile: C:/Users/Didar/Desktop/N4//NSGAIIStudy2/data/NSGAIIa/Planning/FUN0.tsv</message>
</record>
<record>
  <date>2017-11-23T10:38:04</date>
  <millis>1511458684239</millis>
  <sequence>43</sequence>
  <logger>org.uma.jmetal.util.JMetalLogger</logger>
  <level>INFO</level>
  <class>org.uma.jmetal.util.experiment.component.ExecuteAlgorithms</class>
  <method>run</method>
  <thread>14</thread>
  <message>ExecuteAlgorithms: Preparing output directory</message>
</record>
<record>
  <date>2017-11-23T10:38:04</date>
  <millis>1511458684254</millis>
  <sequence>44</sequence>
  <logger>org.uma.jmetal.util.JMetalLogger</logger>
  <level>INFO</level>
  <class>org.uma.jmetal.util.experiment.util.ExperimentAlgorithm</class>
  <method>runAlgorithm</method>
  <thread>14</thread>
  <message> Running algorithm: NSGAIIa, problem: Planning, run: 0, funFile: C:/Users/Didar/Desktop/N4//NSGAIIStudy2/data/NSGAIIa/Planning/FUN0.tsv</message>
</record>
<record>
  <date>2017-11-23T10:38:05</date>
  <millis>1511458685379</millis>
  <sequence>45</sequence>
  <logger>org.uma.jmetal.util.JMetalLogger</logger>
  <level>INFO</level>
  <class>org.uma.jmetal.util.experiment.component.ExecuteAlgorithms</class>
  <method>run</method>
  <thread>14</thread>
  <message>ExecuteAlgorithms: Preparing output directory</message>
</record>
<record>
  <date>2017-11-23T10:38:05</date>
  <millis>1511458685379</millis>
  <sequence>46</sequence>
  <logger>org.uma.jmetal.util.JMetalLogger</logger>
  <level>INFO</level>
  <class>org.uma.jmetal.util.experiment.util.ExperimentAlgorithm</class>
  <method>runAlgorithm</method>
  <thread>14</thread>
  <message> Running algorithm: NSGAIIa, problem: Planning, run: 0, funFile: C:/Users/Didar/Desktop/N4//NSGAIIStudy2/data/NSGAIIa/Planning/FUN0.tsv</message>
</record>
<record>
  <date>2017-11-23T10:38:06</date>
  <millis>1511458686301</millis>
  <sequence>47</sequence>
  <logger>org.uma.jmetal.util.JMetalLogger</logger>
  <level>INFO</level>
  <class>org.uma.jmetal.util.experiment.component.ExecuteAlgorithms</class>
  <method>run</method>
  <thread>14</thread>
  <message>ExecuteAlgorithms: Preparing output directory</message>
</record>
<record>
  <date>2017-11-23T10:38:06</date>
  <millis>1511458686301</millis>
  <sequence>48</sequence>
  <logger>org.uma.jmetal.util.JMetalLogger</logger>
  <level>INFO</level>
  <class>org.uma.jmetal.util.experiment.util.ExperimentAlgorithm</class>
  <method>runAlgorithm</method>
  <thread>14</thread>
  <message> Running algorithm: NSGAIIa, problem: Planning, run: 0, funFile: C:/Users/Didar/Desktop/N4//NSGAIIStudy2/data/NSGAIIa/Planning/FUN0.tsv</message>
</record>
<record>
  <date>2017-11-23T10:38:07</date>
  <millis>1511458687458</millis>
  <sequence>49</sequence>
  <logger>org.uma.jmetal.util.JMetalLogger</logger>
  <level>INFO</level>
  <class>org.uma.jmetal.util.experiment.component.ExecuteAlgorithms</class>
  <method>run</method>
  <thread>14</thread>
  <message>ExecuteAlgorithms: Preparing output directory</message>
</record>
<record>
  <date>2017-11-23T10:38:07</date>
  <millis>1511458687458</millis>
  <sequence>50</sequence>
  <logger>org.uma.jmetal.util.JMetalLogger</logger>
  <level>INFO</level>
  <class>org.uma.jmetal.util.experiment.util.ExperimentAlgorithm</class>
  <method>runAlgorithm</method>
  <thread>14</thread>
  <message> Running algorithm: NSGAIIa, problem: Planning, run: 0, funFile: C:/Users/Didar/Desktop/N4//NSGAIIStudy2/data/NSGAIIa/Planning/FUN0.tsv</message>
</record>
<record>
  <date>2017-11-23T10:38:08</date>
  <millis>1511458688395</millis>
  <sequence>51</sequence>
  <logger>org.uma.jmetal.util.JMetalLogger</logger>
  <level>INFO</level>
  <class>org.uma.jmetal.util.experiment.component.ExecuteAlgorithms</class>
  <method>run</method>
  <thread>14</thread>
  <message>ExecuteAlgorithms: Preparing output directory</message>
</record>
<record>
  <date>2017-11-23T10:38:08</date>
  <millis>1511458688395</millis>
  <sequence>52</sequence>
  <logger>org.uma.jmetal.util.JMetalLogger</logger>
  <level>INFO</level>
  <class>org.uma.jmetal.util.experiment.util.ExperimentAlgorithm</class>
  <method>runAlgorithm</method>
  <thread>14</thread>
  <message> Running algorithm: NSGAIIa, problem: Planning, run: 0, funFile: C:/Users/Didar/Desktop/N4//NSGAIIStudy2/data/NSGAIIa/Planning/FUN0.tsv</message>
</record>
<record>
  <date>2017-11-23T10:38:09</date>
  <millis>1511458689520</millis>
  <sequence>53</sequence>
  <logger>org.uma.jmetal.util.JMetalLogger</logger>
  <level>INFO</level>
  <class>org.uma.jmetal.util.experiment.component.ExecuteAlgorithms</class>
  <method>run</method>
  <thread>14</thread>
  <message>ExecuteAlgorithms: Preparing output directory</message>
</record>
<record>
  <date>2017-11-23T10:38:09</date>
  <millis>1511458689520</millis>
  <sequence>54</sequence>
  <logger>org.uma.jmetal.util.JMetalLogger</logger>
  <level>INFO</level>
  <class>org.uma.jmetal.util.experiment.util.ExperimentAlgorithm</class>
  <method>runAlgorithm</method>
  <thread>14</thread>
  <message> Running algorithm: NSGAIIa, problem: Planning, run: 0, funFile: C:/Users/Didar/Desktop/N4//NSGAIIStudy2/data/NSGAIIa/Planning/FUN0.tsv</message>
</record>
<record>
  <date>2017-11-23T10:38:10</date>
  <millis>1511458690505</millis>
  <sequence>55</sequence>
  <logger>org.uma.jmetal.util.JMetalLogger</logger>
  <level>INFO</level>
  <class>org.uma.jmetal.util.experiment.component.ExecuteAlgorithms</class>
  <method>run</method>
  <thread>14</thread>
  <message>ExecuteAlgorithms: Preparing output directory</message>
</record>
<record>
  <date>2017-11-23T10:38:10</date>
  <millis>1511458690505</millis>
  <sequence>56</sequence>
  <logger>org.uma.jmetal.util.JMetalLogger</logger>
  <level>INFO</level>
  <class>org.uma.jmetal.util.experiment.util.ExperimentAlgorithm</class>
  <method>runAlgorithm</method>
  <thread>14</thread>
  <message> Running algorithm: NSGAIIa, problem: Planning, run: 0, funFile: C:/Users/Didar/Desktop/N4//NSGAIIStudy2/data/NSGAIIa/Planning/FUN0.tsv</message>
</record>
<record>
  <date>2017-11-23T10:38:11</date>
  <millis>1511458691693</millis>
  <sequence>57</sequence>
  <logger>org.uma.jmetal.util.JMetalLogger</logger>
  <level>INFO</level>
  <class>org.uma.jmetal.util.experiment.component.ExecuteAlgorithms</class>
  <method>run</method>
  <thread>14</thread>
  <message>ExecuteAlgorithms: Preparing output directory</message>
</record>
<record>
  <date>2017-11-23T10:38:11</date>
  <millis>1511458691693</millis>
  <sequence>58</sequence>
  <logger>org.uma.jmetal.util.JMetalLogger</logger>
  <level>INFO</level>
  <class>org.uma.jmetal.util.experiment.util.ExperimentAlgorithm</class>
  <method>runAlgorithm</method>
  <thread>14</thread>
  <message> Running algorithm: NSGAIIa, problem: Planning, run: 0, funFile: C:/Users/Didar/Desktop/N4//NSGAIIStudy2/data/NSGAIIa/Planning/FUN0.tsv</message>
</record>
<record>
  <date>2017-11-23T10:38:12</date>
  <millis>1511458692724</millis>
  <sequence>59</sequence>
  <logger>org.uma.jmetal.util.JMetalLogger</logger>
  <level>INFO</level>
  <class>org.uma.jmetal.util.experiment.component.ExecuteAlgorithms</class>
  <method>run</method>
  <thread>14</thread>
  <message>ExecuteAlgorithms: Preparing output directory</message>
</record>
<record>
  <date>2017-11-23T10:38:12</date>
  <millis>1511458692724</millis>
  <sequence>60</sequence>
  <logger>org.uma.jmetal.util.JMetalLogger</logger>
  <level>INFO</level>
  <class>org.uma.jmetal.util.experiment.util.ExperimentAlgorithm</class>
  <method>runAlgorithm</method>
  <thread>14</thread>
  <message> Running algorithm: NSGAIIa, problem: Planning, run: 0, funFile: C:/Users/Didar/Desktop/N4//NSGAIIStudy2/data/NSGAIIa/Planning/FUN0.tsv</message>
</record>
<record>
  <date>2017-11-23T10:38:13</date>
  <millis>1511458693833</millis>
  <sequence>61</sequence>
  <logger>org.uma.jmetal.util.JMetalLogger</logger>
  <level>INFO</level>
  <class>org.uma.jmetal.util.experiment.component.ExecuteAlgorithms</class>
  <method>run</method>
  <thread>14</thread>
  <message>ExecuteAlgorithms: Preparing output directory</message>
</record>
<record>
  <date>2017-11-23T10:38:13</date>
  <millis>1511458693833</millis>
  <sequence>62</sequence>
  <logger>org.uma.jmetal.util.JMetalLogger</logger>
  <level>INFO</level>
  <class>org.uma.jmetal.util.experiment.util.ExperimentAlgorithm</class>
  <method>runAlgorithm</method>
  <thread>14</thread>
  <message> Running algorithm: NSGAIIa, problem: Planning, run: 0, funFile: C:/Users/Didar/Desktop/N4//NSGAIIStudy2/data/NSGAIIa/Planning/FUN0.tsv</message>
</record>
<record>
  <date>2017-11-23T10:38:14</date>
  <millis>1511458694849</millis>
  <sequence>63</sequence>
  <logger>org.uma.jmetal.util.JMetalLogger</logger>
  <level>INFO</level>
  <class>org.uma.jmetal.util.experiment.component.ExecuteAlgorithms</class>
  <method>run</method>
  <thread>14</thread>
  <message>ExecuteAlgorithms: Preparing output directory</message>
</record>
<record>
  <date>2017-11-23T10:38:14</date>
  <millis>1511458694849</millis>
  <sequence>64</sequence>
  <logger>org.uma.jmetal.util.JMetalLogger</logger>
  <level>INFO</level>
  <class>org.uma.jmetal.util.experiment.util.ExperimentAlgorithm</class>
  <method>runAlgorithm</method>
  <thread>14</thread>
  <message> Running algorithm: NSGAIIa, problem: Planning, run: 0, funFile: C:/Users/Didar/Desktop/N4//NSGAIIStudy2/data/NSGAIIa/Planning/FUN0.tsv</message>
</record>
<record>
  <date>2017-11-23T10:38:15</date>
  <millis>1511458695959</millis>
  <sequence>65</sequence>
  <logger>org.uma.jmetal.util.JMetalLogger</logger>
  <level>INFO</level>
  <class>org.uma.jmetal.util.experiment.component.ExecuteAlgorithms</class>
  <method>run</method>
  <thread>14</thread>
  <message>ExecuteAlgorithms: Preparing output directory</message>
</record>
<record>
  <date>2017-11-23T10:38:15</date>
  <millis>1511458695974</millis>
  <sequence>66</sequence>
  <logger>org.uma.jmetal.util.JMetalLogger</logger>
  <level>INFO</level>
  <class>org.uma.jmetal.util.experiment.util.ExperimentAlgorithm</class>
  <method>runAlgorithm</method>
  <thread>14</thread>
  <message> Running algorithm: NSGAIIa, problem: Planning, run: 0, funFile: C:/Users/Didar/Desktop/N4//NSGAIIStudy2/data/NSGAIIa/Planning/FUN0.tsv</message>
</record>
<record>
  <date>2017-11-23T10:38:17</date>
  <millis>1511458697084</millis>
  <sequence>67</sequence>
  <logger>org.uma.jmetal.util.JMetalLogger</logger>
  <level>INFO</level>
  <class>org.uma.jmetal.util.experiment.component.ExecuteAlgorithms</class>
  <method>run</method>
  <thread>14</thread>
  <message>ExecuteAlgorithms: Preparing output directory</message>
</record>
<record>
  <date>2017-11-23T10:38:17</date>
  <millis>1511458697084</millis>
  <sequence>68</sequence>
  <logger>org.uma.jmetal.util.JMetalLogger</logger>
  <level>INFO</level>
  <class>org.uma.jmetal.util.experiment.util.ExperimentAlgorithm</class>
  <method>runAlgorithm</method>
  <thread>14</thread>
  <message> Running algorithm: NSGAIIa, problem: Planning, run: 0, funFile: C:/Users/Didar/Desktop/N4//NSGAIIStudy2/data/NSGAIIa/Planning/FUN0.tsv</message>
</record>
<record>
  <date>2017-11-23T10:38:18</date>
  <millis>1511458698271</millis>
  <sequence>69</sequence>
  <logger>org.uma.jmetal.util.JMetalLogger</logger>
  <level>INFO</level>
  <class>org.uma.jmetal.util.experiment.component.ExecuteAlgorithms</class>
  <method>run</method>
  <thread>14</thread>
  <message>ExecuteAlgorithms: Preparing output directory</message>
</record>
<record>
  <date>2017-11-23T10:38:18</date>
  <millis>1511458698287</millis>
  <sequence>70</sequence>
  <logger>org.uma.jmetal.util.JMetalLogger</logger>
  <level>INFO</level>
  <class>org.uma.jmetal.util.experiment.util.ExperimentAlgorithm</class>
  <method>runAlgorithm</method>
  <thread>14</thread>
  <message> Running algorithm: NSGAIIa, problem: Planning, run: 0, funFile: C:/Users/Didar/Desktop/N4//NSGAIIStudy2/data/NSGAIIa/Planning/FUN0.tsv</message>
</record>
<record>
  <date>2017-11-23T10:38:19</date>
  <millis>1511458699365</millis>
  <sequence>71</sequence>
  <logger>org.uma.jmetal.util.JMetalLogger</logger>
  <level>INFO</level>
  <class>org.uma.jmetal.util.experiment.component.ExecuteAlgorithms</class>
  <method>run</method>
  <thread>14</thread>
  <message>ExecuteAlgorithms: Preparing output directory</message>
</record>
<record>
  <date>2017-11-23T10:38:19</date>
  <millis>1511458699365</millis>
  <sequence>72</sequence>
  <logger>org.uma.jmetal.util.JMetalLogger</logger>
  <level>INFO</level>
  <class>org.uma.jmetal.util.experiment.util.ExperimentAlgorithm</class>
  <method>runAlgorithm</method>
  <thread>14</thread>
  <message> Running algorithm: NSGAIIa, problem: Planning, run: 0, funFile: C:/Users/Didar/Desktop/N4//NSGAIIStudy2/data/NSGAIIa/Planning/FUN0.tsv</message>
</record>
<record>
  <date>2017-11-23T10:38:20</date>
  <millis>1511458700334</millis>
  <sequence>73</sequence>
  <logger>org.uma.jmetal.util.JMetalLogger</logger>
  <level>INFO</level>
  <class>org.uma.jmetal.util.experiment.component.ExecuteAlgorithms</class>
  <method>run</method>
  <thread>14</thread>
  <message>ExecuteAlgorithms: Preparing output directory</message>
</record>
<record>
  <date>2017-11-23T10:38:20</date>
  <millis>1511458700334</millis>
  <sequence>74</sequence>
  <logger>org.uma.jmetal.util.JMetalLogger</logger>
  <level>INFO</level>
  <class>org.uma.jmetal.util.experiment.util.ExperimentAlgorithm</class>
  <method>runAlgorithm</method>
  <thread>14</thread>
  <message> Running algorithm: NSGAIIa, problem: Planning, run: 0, funFile: C:/Users/Didar/Desktop/N4//NSGAIIStudy2/data/NSGAIIa/Planning/FUN0.tsv</message>
</record>
<record>
  <date>2017-11-23T10:38:21</date>
  <millis>1511458701397</millis>
  <sequence>75</sequence>
  <logger>org.uma.jmetal.util.JMetalLogger</logger>
  <level>INFO</level>
  <class>org.uma.jmetal.util.experiment.component.ExecuteAlgorithms</class>
  <method>run</method>
  <thread>14</thread>
  <message>ExecuteAlgorithms: Preparing output directory</message>
</record>
<record>
  <date>2017-11-23T10:38:21</date>
  <millis>1511458701397</millis>
  <sequence>76</sequence>
  <logger>org.uma.jmetal.util.JMetalLogger</logger>
  <level>INFO</level>
  <class>org.uma.jmetal.util.experiment.util.ExperimentAlgorithm</class>
  <method>runAlgorithm</method>
  <thread>14</thread>
  <message> Running algorithm: NSGAIIa, problem: Planning, run: 0, funFile: C:/Users/Didar/Desktop/N4//NSGAIIStudy2/data/NSGAIIa/Planning/FUN0.tsv</message>
</record>
<record>
  <date>2017-11-23T10:38:22</date>
  <millis>1511458702428</millis>
  <sequence>77</sequence>
  <logger>org.uma.jmetal.util.JMetalLogger</logger>
  <level>INFO</level>
  <class>org.uma.jmetal.util.experiment.component.ExecuteAlgorithms</class>
  <method>run</method>
  <thread>14</thread>
  <message>ExecuteAlgorithms: Preparing output directory</message>
</record>
<record>
  <date>2017-11-23T10:38:22</date>
  <millis>1511458702428</millis>
  <sequence>78</sequence>
  <logger>org.uma.jmetal.util.JMetalLogger</logger>
  <level>INFO</level>
  <class>org.uma.jmetal.util.experiment.util.ExperimentAlgorithm</class>
  <method>runAlgorithm</method>
  <thread>14</thread>
  <message> Running algorithm: NSGAIIa, problem: Planning, run: 0, funFile: C:/Users/Didar/Desktop/N4//NSGAIIStudy2/data/NSGAIIa/Planning/FUN0.tsv</message>
</record>
<record>
  <date>2017-11-23T10:38:23</date>
  <millis>1511458703491</millis>
  <sequence>79</sequence>
  <logger>org.uma.jmetal.util.JMetalLogger</logger>
  <level>INFO</level>
  <class>org.uma.jmetal.util.experiment.component.ExecuteAlgorithms</class>
  <method>run</method>
  <thread>14</thread>
  <message>ExecuteAlgorithms: Preparing output directory</message>
</record>
<record>
  <date>2017-11-23T10:38:23</date>
  <millis>1511458703491</millis>
  <sequence>80</sequence>
  <logger>org.uma.jmetal.util.JMetalLogger</logger>
  <level>INFO</level>
  <class>org.uma.jmetal.util.experiment.util.ExperimentAlgorithm</class>
  <method>runAlgorithm</method>
  <thread>14</thread>
  <message> Running algorithm: NSGAIIa, problem: Planning, run: 0, funFile: C:/Users/Didar/Desktop/N4//NSGAIIStudy2/data/NSGAIIa/Planning/FUN0.tsv</message>
</record>
<record>
  <date>2017-11-23T10:38:24</date>
  <millis>1511458704444</millis>
  <sequence>81</sequence>
  <logger>org.uma.jmetal.util.JMetalLogger</logger>
  <level>INFO</level>
  <class>org.uma.jmetal.util.experiment.component.ExecuteAlgorithms</class>
  <method>run</method>
  <thread>14</thread>
  <message>ExecuteAlgorithms: Preparing output directory</message>
</record>
<record>
  <date>2017-11-23T10:38:24</date>
  <millis>1511458704444</millis>
  <sequence>82</sequence>
  <logger>org.uma.jmetal.util.JMetalLogger</logger>
  <level>INFO</level>
  <class>org.uma.jmetal.util.experiment.util.ExperimentAlgorithm</class>
  <method>runAlgorithm</method>
  <thread>14</thread>
  <message> Running algorithm: NSGAIIa, problem: Planning, run: 0, funFile: C:/Users/Didar/Desktop/N4//NSGAIIStudy2/data/NSGAIIa/Planning/FUN0.tsv</message>
</record>
<record>
  <date>2017-11-23T10:38:25</date>
  <millis>1511458705507</millis>
  <sequence>83</sequence>
  <logger>org.uma.jmetal.util.JMetalLogger</logger>
  <level>INFO</level>
  <class>org.uma.jmetal.util.experiment.component.ExecuteAlgorithms</class>
  <method>run</method>
  <thread>14</thread>
  <message>ExecuteAlgorithms: Preparing output directory</message>
</record>
<record>
  <date>2017-11-23T10:38:25</date>
  <millis>1511458705507</millis>
  <sequence>84</sequence>
  <logger>org.uma.jmetal.util.JMetalLogger</logger>
  <level>INFO</level>
  <class>org.uma.jmetal.util.experiment.util.ExperimentAlgorithm</class>
  <method>runAlgorithm</method>
  <thread>14</thread>
  <message> Running algorithm: NSGAIIa, problem: Planning, run: 0, funFile: C:/Users/Didar/Desktop/N4//NSGAIIStudy2/data/NSGAIIa/Planning/FUN0.tsv</message>
</record>
<record>
  <date>2017-11-23T10:38:26</date>
  <millis>1511458706429</millis>
  <sequence>85</sequence>
  <logger>org.uma.jmetal.util.JMetalLogger</logger>
  <level>INFO</level>
  <class>org.uma.jmetal.util.experiment.component.ExecuteAlgorithms</class>
  <method>run</method>
  <thread>14</thread>
  <message>ExecuteAlgorithms: Preparing output directory</message>
</record>
<record>
  <date>2017-11-23T10:38:26</date>
  <millis>1511458706429</millis>
  <sequence>86</sequence>
  <logger>org.uma.jmetal.util.JMetalLogger</logger>
  <level>INFO</level>
  <class>org.uma.jmetal.util.experiment.util.ExperimentAlgorithm</class>
  <method>runAlgorithm</method>
  <thread>14</thread>
  <message> Running algorithm: NSGAIIa, problem: Planning, run: 0, funFile: C:/Users/Didar/Desktop/N4//NSGAIIStudy2/data/NSGAIIa/Planning/FUN0.tsv</message>
</record>
<record>
  <date>2017-11-23T10:38:27</date>
  <millis>1511458707538</millis>
  <sequence>87</sequence>
  <logger>org.uma.jmetal.util.JMetalLogger</logger>
  <level>INFO</level>
  <class>org.uma.jmetal.util.experiment.component.ExecuteAlgorithms</class>
  <method>run</method>
  <thread>14</thread>
  <message>ExecuteAlgorithms: Preparing output directory</message>
</record>
<record>
  <date>2017-11-23T10:38:27</date>
  <millis>1511458707538</millis>
  <sequence>88</sequence>
  <logger>org.uma.jmetal.util.JMetalLogger</logger>
  <level>INFO</level>
  <class>org.uma.jmetal.util.experiment.util.ExperimentAlgorithm</class>
  <method>runAlgorithm</method>
  <thread>14</thread>
  <message> Running algorithm: NSGAIIa, problem: Planning, run: 0, funFile: C:/Users/Didar/Desktop/N4//NSGAIIStudy2/data/NSGAIIa/Planning/FUN0.tsv</message>
</record>
<record>
  <date>2017-11-23T10:38:28</date>
  <millis>1511458708601</millis>
  <sequence>89</sequence>
  <logger>org.uma.jmetal.util.JMetalLogger</logger>
  <level>INFO</level>
  <class>org.uma.jmetal.util.experiment.component.ExecuteAlgorithms</class>
  <method>run</method>
  <thread>14</thread>
  <message>ExecuteAlgorithms: Preparing output directory</message>
</record>
<record>
  <date>2017-11-23T10:38:28</date>
  <millis>1511458708601</millis>
  <sequence>90</sequence>
  <logger>org.uma.jmetal.util.JMetalLogger</logger>
  <level>INFO</level>
  <class>org.uma.jmetal.util.experiment.util.ExperimentAlgorithm</class>
  <method>runAlgorithm</method>
  <thread>14</thread>
  <message> Running algorithm: NSGAIIa, problem: Planning, run: 0, funFile: C:/Users/Didar/Desktop/N4//NSGAIIStudy2/data/NSGAIIa/Planning/FUN0.tsv</message>
</record>
<record>
  <date>2017-11-23T10:38:29</date>
  <millis>1511458709663</millis>
  <sequence>91</sequence>
  <logger>org.uma.jmetal.util.JMetalLogger</logger>
  <level>INFO</level>
  <class>org.uma.jmetal.util.experiment.component.ExecuteAlgorithms</class>
  <method>run</method>
  <thread>14</thread>
  <message>ExecuteAlgorithms: Preparing output directory</message>
</record>
<record>
  <date>2017-11-23T10:38:29</date>
  <millis>1511458709663</millis>
  <sequence>92</sequence>
  <logger>org.uma.jmetal.util.JMetalLogger</logger>
  <level>INFO</level>
  <class>org.uma.jmetal.util.experiment.util.ExperimentAlgorithm</class>
  <method>runAlgorithm</method>
  <thread>14</thread>
  <message> Running algorithm: NSGAIIa, problem: Planning, run: 0, funFile: C:/Users/Didar/Desktop/N4//NSGAIIStudy2/data/NSGAIIa/Planning/FUN0.tsv</message>
</record>
<record>
  <date>2017-11-23T10:38:30</date>
  <millis>1511458710741</millis>
  <sequence>93</sequence>
  <logger>org.uma.jmetal.util.JMetalLogger</logger>
  <level>INFO</level>
  <class>org.uma.jmetal.util.experiment.component.ExecuteAlgorithms</class>
  <method>run</method>
  <thread>14</thread>
  <message>ExecuteAlgorithms: Preparing output directory</message>
</record>
<record>
  <date>2017-11-23T10:38:30</date>
  <millis>1511458710741</millis>
  <sequence>94</sequence>
  <logger>org.uma.jmetal.util.JMetalLogger</logger>
  <level>INFO</level>
  <class>org.uma.jmetal.util.experiment.util.ExperimentAlgorithm</class>
  <method>runAlgorithm</method>
  <thread>14</thread>
  <message> Running algorithm: NSGAIIa, problem: Planning, run: 0, funFile: C:/Users/Didar/Desktop/N4//NSGAIIStudy2/data/NSGAIIa/Planning/FUN0.tsv</message>
</record>
<record>
  <date>2017-11-23T10:38:31</date>
  <millis>1511458711788</millis>
  <sequence>95</sequence>
  <logger>org.uma.jmetal.util.JMetalLogger</logger>
  <level>INFO</level>
  <class>org.uma.jmetal.util.experiment.component.ExecuteAlgorithms</class>
  <method>run</method>
  <thread>14</thread>
  <message>ExecuteAlgorithms: Preparing output directory</message>
</record>
<record>
  <date>2017-11-23T10:38:31</date>
  <millis>1511458711788</millis>
  <sequence>96</sequence>
  <logger>org.uma.jmetal.util.JMetalLogger</logger>
  <level>INFO</level>
  <class>org.uma.jmetal.util.experiment.util.ExperimentAlgorithm</class>
  <method>runAlgorithm</method>
  <thread>14</thread>
  <message> Running algorithm: NSGAIIa, problem: Planning, run: 0, funFile: C:/Users/Didar/Desktop/N4//NSGAIIStudy2/data/NSGAIIa/Planning/FUN0.tsv</message>
</record>
<record>
  <date>2017-11-23T10:38:32</date>
  <millis>1511458712789</millis>
  <sequence>97</sequence>
  <logger>org.uma.jmetal.util.JMetalLogger</logger>
  <level>INFO</level>
  <class>org.uma.jmetal.util.experiment.component.ExecuteAlgorithms</class>
  <method>run</method>
  <thread>14</thread>
  <message>ExecuteAlgorithms: Preparing output directory</message>
</record>
<record>
  <date>2017-11-23T10:38:32</date>
  <millis>1511458712789</millis>
  <sequence>98</sequence>
  <logger>org.uma.jmetal.util.JMetalLogger</logger>
  <level>INFO</level>
  <class>org.uma.jmetal.util.experiment.util.ExperimentAlgorithm</class>
  <method>runAlgorithm</method>
  <thread>14</thread>
  <message> Running algorithm: NSGAIIa, problem: Planning, run: 0, funFile: C:/Users/Didar/Desktop/N4//NSGAIIStudy2/data/NSGAIIa/Planning/FUN0.tsv</message>
</record>
<record>
  <date>2017-11-23T10:38:33</date>
  <millis>1511458713898</millis>
  <sequence>99</sequence>
  <logger>org.uma.jmetal.util.JMetalLogger</logger>
  <level>INFO</level>
  <class>org.uma.jmetal.util.experiment.component.ExecuteAlgorithms</class>
  <method>run</method>
  <thread>14</thread>
  <message>ExecuteAlgorithms: Preparing output directory</message>
</record>
<record>
  <date>2017-11-23T10:38:33</date>
  <millis>1511458713898</millis>
  <sequence>100</sequence>
  <logger>org.uma.jmetal.util.JMetalLogger</logger>
  <level>INFO</level>
  <class>org.uma.jmetal.util.experiment.util.ExperimentAlgorithm</class>
  <method>runAlgorithm</method>
  <thread>14</thread>
  <message> Running algorithm: NSGAIIa, problem: Planning, run: 0, funFile: C:/Users/Didar/Desktop/N4//NSGAIIStudy2/data/NSGAIIa/Planning/FUN0.tsv</message>
</record>
<record>
  <date>2017-11-23T10:38:34</date>
  <millis>1511458714976</millis>
  <sequence>101</sequence>
  <logger>org.uma.jmetal.util.JMetalLogger</logger>
  <level>INFO</level>
  <class>org.uma.jmetal.util.experiment.component.ExecuteAlgorithms</class>
  <method>run</method>
  <thread>14</thread>
  <message>ExecuteAlgorithms: Preparing output directory</message>
</record>
<record>
  <date>2017-11-23T10:38:34</date>
  <millis>1511458714976</millis>
  <sequence>102</sequence>
  <logger>org.uma.jmetal.util.JMetalLogger</logger>
  <level>INFO</level>
  <class>org.uma.jmetal.util.experiment.util.ExperimentAlgorithm</class>
  <method>runAlgorithm</method>
  <thread>14</thread>
  <message> Running algorithm: NSGAIIa, problem: Planning, run: 0, funFile: C:/Users/Didar/Desktop/N4//NSGAIIStudy2/data/NSGAIIa/Planning/FUN0.tsv</message>
</record>
<record>
  <date>2017-11-23T10:38:35</date>
  <millis>1511458715976</millis>
  <sequence>103</sequence>
  <logger>org.uma.jmetal.util.JMetalLogger</logger>
  <level>INFO</level>
  <class>org.uma.jmetal.util.experiment.component.ExecuteAlgorithms</class>
  <method>run</method>
  <thread>14</thread>
  <message>ExecuteAlgorithms: Preparing output directory</message>
</record>
<record>
  <date>2017-11-23T10:38:35</date>
  <millis>1511458715976</millis>
  <sequence>104</sequence>
  <logger>org.uma.jmetal.util.JMetalLogger</logger>
  <level>INFO</level>
  <class>org.uma.jmetal.util.experiment.util.ExperimentAlgorithm</class>
  <method>runAlgorithm</method>
  <thread>14</thread>
  <message> Running algorithm: NSGAIIa, problem: Planning, run: 0, funFile: C:/Users/Didar/Desktop/N4//NSGAIIStudy2/data/NSGAIIa/Planning/FUN0.tsv</message>
</record>
<record>
  <date>2017-11-23T10:38:37</date>
  <millis>1511458717039</millis>
  <sequence>105</sequence>
  <logger>org.uma.jmetal.util.JMetalLogger</logger>
  <level>INFO</level>
  <class>org.uma.jmetal.util.experiment.component.ExecuteAlgorithms</class>
  <method>run</method>
  <thread>14</thread>
  <message>ExecuteAlgorithms: Preparing output directory</message>
</record>
<record>
  <date>2017-11-23T10:38:37</date>
  <millis>1511458717039</millis>
  <sequence>106</sequence>
  <logger>org.uma.jmetal.util.JMetalLogger</logger>
  <level>INFO</level>
  <class>org.uma.jmetal.util.experiment.util.ExperimentAlgorithm</class>
  <method>runAlgorithm</method>
  <thread>14</thread>
  <message> Running algorithm: NSGAIIa, problem: Planning, run: 0, funFile: C:/Users/Didar/Desktop/N4//NSGAIIStudy2/data/NSGAIIa/Planning/FUN0.tsv</message>
</record>
<record>
  <date>2017-11-23T10:38:37</date>
  <millis>1511458717945</millis>
  <sequence>107</sequence>
  <logger>org.uma.jmetal.util.JMetalLogger</logger>
  <level>INFO</level>
  <class>org.uma.jmetal.util.experiment.component.ExecuteAlgorithms</class>
  <method>run</method>
  <thread>14</thread>
  <message>ExecuteAlgorithms: Preparing output directory</message>
</record>
<record>
  <date>2017-11-23T10:38:37</date>
  <millis>1511458717945</millis>
  <sequence>108</sequence>
  <logger>org.uma.jmetal.util.JMetalLogger</logger>
  <level>INFO</level>
  <class>org.uma.jmetal.util.experiment.util.ExperimentAlgorithm</class>
  <method>runAlgorithm</method>
  <thread>14</thread>
  <message> Running algorithm: NSGAIIa, problem: Planning, run: 0, funFile: C:/Users/Didar/Desktop/N4//NSGAIIStudy2/data/NSGAIIa/Planning/FUN0.tsv</message>
</record>
<record>
  <date>2017-11-23T10:38:38</date>
  <millis>1511458718992</millis>
  <sequence>109</sequence>
  <logger>org.uma.jmetal.util.JMetalLogger</logger>
  <level>INFO</level>
  <class>org.uma.jmetal.util.experiment.component.ExecuteAlgorithms</class>
  <method>run</method>
  <thread>14</thread>
  <message>ExecuteAlgorithms: Preparing output directory</message>
</record>
<record>
  <date>2017-11-23T10:38:38</date>
  <millis>1511458718992</millis>
  <sequence>110</sequence>
  <logger>org.uma.jmetal.util.JMetalLogger</logger>
  <level>INFO</level>
  <class>org.uma.jmetal.util.experiment.util.ExperimentAlgorithm</class>
  <method>runAlgorithm</method>
  <thread>14</thread>
  <message> Running algorithm: NSGAIIa, problem: Planning, run: 0, funFile: C:/Users/Didar/Desktop/N4//NSGAIIStudy2/data/NSGAIIa/Planning/FUN0.tsv</message>
</record>
<record>
  <date>2017-11-23T10:38:39</date>
  <millis>1511458719993</millis>
  <sequence>111</sequence>
  <logger>org.uma.jmetal.util.JMetalLogger</logger>
  <level>INFO</level>
  <class>org.uma.jmetal.util.experiment.component.ExecuteAlgorithms</class>
  <method>run</method>
  <thread>14</thread>
  <message>ExecuteAlgorithms: Preparing output directory</message>
</record>
<record>
  <date>2017-11-23T10:38:39</date>
  <millis>1511458719993</millis>
  <sequence>112</sequence>
  <logger>org.uma.jmetal.util.JMetalLogger</logger>
  <level>INFO</level>
  <class>org.uma.jmetal.util.experiment.util.ExperimentAlgorithm</class>
  <method>runAlgorithm</method>
  <thread>14</thread>
  <message> Running algorithm: NSGAIIa, problem: Planning, run: 0, funFile: C:/Users/Didar/Desktop/N4//NSGAIIStudy2/data/NSGAIIa/Planning/FUN0.tsv</message>
</record>
<record>
  <date>2017-11-23T10:38:41</date>
  <millis>1511458721071</millis>
  <sequence>113</sequence>
  <logger>org.uma.jmetal.util.JMetalLogger</logger>
  <level>INFO</level>
  <class>org.uma.jmetal.util.experiment.component.ExecuteAlgorithms</class>
  <method>run</method>
  <thread>14</thread>
  <message>ExecuteAlgorithms: Preparing output directory</message>
</record>
<record>
  <date>2017-11-23T10:38:41</date>
  <millis>1511458721086</millis>
  <sequence>114</sequence>
  <logger>org.uma.jmetal.util.JMetalLogger</logger>
  <level>INFO</level>
  <class>org.uma.jmetal.util.experiment.util.ExperimentAlgorithm</class>
  <method>runAlgorithm</method>
  <thread>14</thread>
  <message> Running algorithm: NSGAIIa, problem: Planning, run: 0, funFile: C:/Users/Didar/Desktop/N4//NSGAIIStudy2/data/NSGAIIa/Planning/FUN0.tsv</message>
</record>
<record>
  <date>2017-11-23T10:38:42</date>
  <millis>1511458722086</millis>
  <sequence>115</sequence>
  <logger>org.uma.jmetal.util.JMetalLogger</logger>
  <level>INFO</level>
  <class>org.uma.jmetal.util.experiment.component.ExecuteAlgorithms</class>
  <method>run</method>
  <thread>14</thread>
  <message>ExecuteAlgorithms: Preparing output directory</message>
</record>
<record>
  <date>2017-11-23T10:38:42</date>
  <millis>1511458722086</millis>
  <sequence>116</sequence>
  <logger>org.uma.jmetal.util.JMetalLogger</logger>
  <level>INFO</level>
  <class>org.uma.jmetal.util.experiment.util.ExperimentAlgorithm</class>
  <method>runAlgorithm</method>
  <thread>14</thread>
  <message> Running algorithm: NSGAIIa, problem: Planning, run: 0, funFile: C:/Users/Didar/Desktop/N4//NSGAIIStudy2/data/NSGAIIa/Planning/FUN0.tsv</message>
</record>
<record>
  <date>2017-11-23T10:38:43</date>
  <millis>1511458723071</millis>
  <sequence>117</sequence>
  <logger>org.uma.jmetal.util.JMetalLogger</logger>
  <level>INFO</level>
  <class>org.uma.jmetal.util.experiment.component.ExecuteAlgorithms</class>
  <method>run</method>
  <thread>14</thread>
  <message>ExecuteAlgorithms: Preparing output directory</message>
</record>
<record>
  <date>2017-11-23T10:38:43</date>
  <millis>1511458723071</millis>
  <sequence>118</sequence>
  <logger>org.uma.jmetal.util.JMetalLogger</logger>
  <level>INFO</level>
  <class>org.uma.jmetal.util.experiment.util.ExperimentAlgorithm</class>
  <method>runAlgorithm</method>
  <thread>14</thread>
  <message> Running algorithm: NSGAIIa, problem: Planning, run: 0, funFile: C:/Users/Didar/Desktop/N4//NSGAIIStudy2/data/NSGAIIa/Planning/FUN0.tsv</message>
</record>
<record>
  <date>2017-11-23T10:38:44</date>
  <millis>1511458724134</millis>
  <sequence>119</sequence>
  <logger>org.uma.jmetal.util.JMetalLogger</logger>
  <level>INFO</level>
  <class>org.uma.jmetal.util.experiment.component.ExecuteAlgorithms</class>
  <method>run</method>
  <thread>14</thread>
  <message>ExecuteAlgorithms: Preparing output directory</message>
</record>
<record>
  <date>2017-11-23T10:38:44</date>
  <millis>1511458724134</millis>
  <sequence>120</sequence>
  <logger>org.uma.jmetal.util.JMetalLogger</logger>
  <level>INFO</level>
  <class>org.uma.jmetal.util.experiment.util.ExperimentAlgorithm</class>
  <method>runAlgorithm</method>
  <thread>14</thread>
  <message> Running algorithm: NSGAIIa, problem: Planning, run: 0, funFile: C:/Users/Didar/Desktop/N4//NSGAIIStudy2/data/NSGAIIa/Planning/FUN0.tsv</message>
</record>
<record>
  <date>2017-11-23T10:38:45</date>
  <millis>1511458725134</millis>
  <sequence>121</sequence>
  <logger>org.uma.jmetal.util.JMetalLogger</logger>
  <level>INFO</level>
  <class>org.uma.jmetal.util.experiment.component.ExecuteAlgorithms</class>
  <method>run</method>
  <thread>14</thread>
  <message>ExecuteAlgorithms: Preparing output directory</message>
</record>
<record>
  <date>2017-11-23T10:38:45</date>
  <millis>1511458725134</millis>
  <sequence>122</sequence>
  <logger>org.uma.jmetal.util.JMetalLogger</logger>
  <level>INFO</level>
  <class>org.uma.jmetal.util.experiment.util.ExperimentAlgorithm</class>
  <method>runAlgorithm</method>
  <thread>14</thread>
  <message> Running algorithm: NSGAIIa, problem: Planning, run: 0, funFile: C:/Users/Didar/Desktop/N4//NSGAIIStudy2/data/NSGAIIa/Planning/FUN0.tsv</message>
</record>
<record>
  <date>2017-11-23T10:38:46</date>
  <millis>1511458726212</millis>
  <sequence>123</sequence>
  <logger>org.uma.jmetal.util.JMetalLogger</logger>
  <level>INFO</level>
  <class>org.uma.jmetal.util.experiment.component.ExecuteAlgorithms</class>
  <method>run</method>
  <thread>14</thread>
  <message>ExecuteAlgorithms: Preparing output directory</message>
</record>
<record>
  <date>2017-11-23T10:38:46</date>
  <millis>1511458726212</millis>
  <sequence>124</sequence>
  <logger>org.uma.jmetal.util.JMetalLogger</logger>
  <level>INFO</level>
  <class>org.uma.jmetal.util.experiment.util.ExperimentAlgorithm</class>
  <method>runAlgorithm</method>
  <thread>14</thread>
  <message> Running algorithm: NSGAIIa, problem: Planning, run: 0, funFile: C:/Users/Didar/Desktop/N4//NSGAIIStudy2/data/NSGAIIa/Planning/FUN0.tsv</message>
</record>
<record>
  <date>2017-11-23T10:38:47</date>
  <millis>1511458727196</millis>
  <sequence>125</sequence>
  <logger>org.uma.jmetal.util.JMetalLogger</logger>
  <level>INFO</level>
  <class>org.uma.jmetal.util.experiment.component.ExecuteAlgorithms</class>
  <method>run</method>
  <thread>14</thread>
  <message>ExecuteAlgorithms: Preparing output directory</message>
</record>
<record>
  <date>2017-11-23T10:38:47</date>
  <millis>1511458727196</millis>
  <sequence>126</sequence>
  <logger>org.uma.jmetal.util.JMetalLogger</logger>
  <level>INFO</level>
  <class>org.uma.jmetal.util.experiment.util.ExperimentAlgorithm</class>
  <method>runAlgorithm</method>
  <thread>14</thread>
  <message> Running algorithm: NSGAIIa, problem: Planning, run: 0, funFile: C:/Users/Didar/Desktop/N4//NSGAIIStudy2/data/NSGAIIa/Planning/FUN0.tsv</message>
</record>
<record>
  <date>2017-11-23T10:38:48</date>
  <millis>1511458728368</millis>
  <sequence>127</sequence>
  <logger>org.uma.jmetal.util.JMetalLogger</logger>
  <level>INFO</level>
  <class>org.uma.jmetal.util.experiment.component.ExecuteAlgorithms</class>
  <method>run</method>
  <thread>14</thread>
  <message>ExecuteAlgorithms: Preparing output directory</message>
</record>
<record>
  <date>2017-11-23T10:38:48</date>
  <millis>1511458728368</millis>
  <sequence>128</sequence>
  <logger>org.uma.jmetal.util.JMetalLogger</logger>
  <level>INFO</level>
  <class>org.uma.jmetal.util.experiment.util.ExperimentAlgorithm</class>
  <method>runAlgorithm</method>
  <thread>14</thread>
  <message> Running algorithm: NSGAIIa, problem: Planning, run: 0, funFile: C:/Users/Didar/Desktop/N4//NSGAIIStudy2/data/NSGAIIa/Planning/FUN0.tsv</message>
</record>
<record>
  <date>2017-11-23T10:38:49</date>
  <millis>1511458729493</millis>
  <sequence>129</sequence>
  <logger>org.uma.jmetal.util.JMetalLogger</logger>
  <level>INFO</level>
  <class>org.uma.jmetal.util.experiment.component.ExecuteAlgorithms</class>
  <method>run</method>
  <thread>14</thread>
  <message>ExecuteAlgorithms: Preparing output directory</message>
</record>
<record>
  <date>2017-11-23T10:38:49</date>
  <millis>1511458729493</millis>
  <sequence>130</sequence>
  <logger>org.uma.jmetal.util.JMetalLogger</logger>
  <level>INFO</level>
  <class>org.uma.jmetal.util.experiment.util.ExperimentAlgorithm</class>
  <method>runAlgorithm</method>
  <thread>14</thread>
  <message> Running algorithm: NSGAIIa, problem: Planning, run: 0, funFile: C:/Users/Didar/Desktop/N4//NSGAIIStudy2/data/NSGAIIa/Planning/FUN0.tsv</message>
</record>
<record>
  <date>2017-11-23T10:38:50</date>
  <millis>1511458730634</millis>
  <sequence>131</sequence>
  <logger>org.uma.jmetal.util.JMetalLogger</logger>
  <level>INFO</level>
  <class>org.uma.jmetal.util.experiment.component.ExecuteAlgorithms</class>
  <method>run</method>
  <thread>14</thread>
  <message>ExecuteAlgorithms: Preparing output directory</message>
</record>
<record>
  <date>2017-11-23T10:38:50</date>
  <millis>1511458730634</millis>
  <sequence>132</sequence>
  <logger>org.uma.jmetal.util.JMetalLogger</logger>
  <level>INFO</level>
  <class>org.uma.jmetal.util.experiment.util.ExperimentAlgorithm</class>
  <method>runAlgorithm</method>
  <thread>14</thread>
  <message> Running algorithm: NSGAIIa, problem: Planning, run: 0, funFile: C:/Users/Didar/Desktop/N4//NSGAIIStudy2/data/NSGAIIa/Planning/FUN0.tsv</message>
</record>
<record>
  <date>2017-11-23T10:38:51</date>
  <millis>1511458731853</millis>
  <sequence>133</sequence>
  <logger>org.uma.jmetal.util.JMetalLogger</logger>
  <level>INFO</level>
  <class>org.uma.jmetal.util.experiment.component.ExecuteAlgorithms</class>
  <method>run</method>
  <thread>14</thread>
  <message>ExecuteAlgorithms: Preparing output directory</message>
</record>
<record>
  <date>2017-11-23T10:38:51</date>
  <millis>1511458731853</millis>
  <sequence>134</sequence>
  <logger>org.uma.jmetal.util.JMetalLogger</logger>
  <level>INFO</level>
  <class>org.uma.jmetal.util.experiment.util.ExperimentAlgorithm</class>
  <method>runAlgorithm</method>
  <thread>14</thread>
  <message> Running algorithm: NSGAIIa, problem: Planning, run: 0, funFile: C:/Users/Didar/Desktop/N4//NSGAIIStudy2/data/NSGAIIa/Planning/FUN0.tsv</message>
</record>
<record>
  <date>2017-11-23T10:38:52</date>
  <millis>1511458732884</millis>
  <sequence>135</sequence>
  <logger>org.uma.jmetal.util.JMetalLogger</logger>
  <level>INFO</level>
  <class>org.uma.jmetal.util.experiment.component.ExecuteAlgorithms</class>
  <method>run</method>
  <thread>14</thread>
  <message>ExecuteAlgorithms: Preparing output directory</message>
</record>
<record>
  <date>2017-11-23T10:38:52</date>
  <millis>1511458732884</millis>
  <sequence>136</sequence>
  <logger>org.uma.jmetal.util.JMetalLogger</logger>
  <level>INFO</level>
  <class>org.uma.jmetal.util.experiment.util.ExperimentAlgorithm</class>
  <method>runAlgorithm</method>
  <thread>14</thread>
  <message> Running algorithm: NSGAIIa, problem: Planning, run: 0, funFile: C:/Users/Didar/Desktop/N4//NSGAIIStudy2/data/NSGAIIa/Planning/FUN0.tsv</message>
</record>
<record>
  <date>2017-11-23T10:38:53</date>
  <millis>1511458733885</millis>
  <sequence>137</sequence>
  <logger>org.uma.jmetal.util.JMetalLogger</logger>
  <level>INFO</level>
  <class>org.uma.jmetal.util.experiment.component.ExecuteAlgorithms</class>
  <method>run</method>
  <thread>14</thread>
  <message>ExecuteAlgorithms: Preparing output directory</message>
</record>
<record>
  <date>2017-11-23T10:38:53</date>
  <millis>1511458733885</millis>
  <sequence>138</sequence>
  <logger>org.uma.jmetal.util.JMetalLogger</logger>
  <level>INFO</level>
  <class>org.uma.jmetal.util.experiment.util.ExperimentAlgorithm</class>
  <method>runAlgorithm</method>
  <thread>14</thread>
  <message> Running algorithm: NSGAIIa, problem: Planning, run: 0, funFile: C:/Users/Didar/Desktop/N4//NSGAIIStudy2/data/NSGAIIa/Planning/FUN0.tsv</message>
</record>
<record>
  <date>2017-11-23T10:38:55</date>
  <millis>1511458735072</millis>
  <sequence>139</sequence>
  <logger>org.uma.jmetal.util.JMetalLogger</logger>
  <level>INFO</level>
  <class>org.uma.jmetal.util.experiment.component.ExecuteAlgorithms</class>
  <method>run</method>
  <thread>14</thread>
  <message>ExecuteAlgorithms: Preparing output directory</message>
</record>
<record>
  <date>2017-11-23T10:38:55</date>
  <millis>1511458735072</millis>
  <sequence>140</sequence>
  <logger>org.uma.jmetal.util.JMetalLogger</logger>
  <level>INFO</level>
  <class>org.uma.jmetal.util.experiment.util.ExperimentAlgorithm</class>
  <method>runAlgorithm</method>
  <thread>14</thread>
  <message> Running algorithm: NSGAIIa, problem: Planning, run: 0, funFile: C:/Users/Didar/Desktop/N4//NSGAIIStudy2/data/NSGAIIa/Planning/FUN0.tsv</message>
</record>
<record>
  <date>2017-11-23T10:38:56</date>
  <millis>1511458736119</millis>
  <sequence>141</sequence>
  <logger>org.uma.jmetal.util.JMetalLogger</logger>
  <level>INFO</level>
  <class>org.uma.jmetal.util.experiment.component.ExecuteAlgorithms</class>
  <method>run</method>
  <thread>14</thread>
  <message>ExecuteAlgorithms: Preparing output directory</message>
</record>
<record>
  <date>2017-11-23T10:38:56</date>
  <millis>1511458736119</millis>
  <sequence>142</sequence>
  <logger>org.uma.jmetal.util.JMetalLogger</logger>
  <level>INFO</level>
  <class>org.uma.jmetal.util.experiment.util.ExperimentAlgorithm</class>
  <method>runAlgorithm</method>
  <thread>14</thread>
  <message> Running algorithm: NSGAIIa, problem: Planning, run: 0, funFile: C:/Users/Didar/Desktop/N4//NSGAIIStudy2/data/NSGAIIa/Planning/FUN0.tsv</message>
</record>
</log>
